Loading email2sms config file
Creating email2sms main class
Entering dispatch loop
.
.
.
.
.
.
.
.
.
.
.
.
.
.
.
.
.
.
.
.
.
.
.
.
.
.
.
.
.
.
.
.
.
.
.
.
.
.
.
.
.
.
.
.
.
.
.
.
.
.
.
.
.
.
.
.
.
.
.
.
.
.
.
.
.
.
.
.
.
.
.
.
.
.
.
.
.
.
.
.
.
Stopping email2sms
Loading email2sms config file
Creating email2sms main class
Entering dispatch loop
.
.
.
.
.
.
.
.
.
.
.
.
.
Stopping email2sms
Loading email2sms config file
Creating email2sms main class
Entering dispatch loop
.
.
.
.
.
.
.
.
.
.
.
Stopping email2sms
Loading email2sms config file
Creating email2sms main class
Stopping email2sms
/Users/jfischer/git/email2sms/lib/../lib/filter_chain.rb:34:in `initialize': wrong number of arguments (0 for 1) (ArgumentError)
	from /Users/jfischer/git/email2sms/lib/../lib/filter_chain.rb:34:in `new'
	from /Users/jfischer/git/email2sms/lib/../lib/filter_chain.rb:34:in `build_simple_filter_chain'
	from /Users/jfischer/git/email2sms/lib/../lib/email_to_sms.rb:21:in `initialize'
	from /Users/jfischer/git/email2sms/lib/email2sms_main.rb:32:in `new'
	from /Users/jfischer/git/email2sms/lib/email2sms_main.rb:32
	from /opt/local/lib/ruby/gems/1.8/gems/daemons-1.0.10/lib/daemons/application.rb:176:in `load'
	from /opt/local/lib/ruby/gems/1.8/gems/daemons-1.0.10/lib/daemons/application.rb:176:in `start_load'
	from /opt/local/lib/ruby/gems/1.8/gems/daemons-1.0.10/lib/daemons/application.rb:257:in `start'
	from /opt/local/lib/ruby/gems/1.8/gems/daemons-1.0.10/lib/daemons/controller.rb:69:in `run'
	from /opt/local/lib/ruby/gems/1.8/gems/daemons-1.0.10/lib/daemons.rb:139:in `run'
	from /opt/local/lib/ruby/gems/1.8/gems/daemons-1.0.10/lib/daemons/cmdline.rb:105:in `call'
	from /opt/local/lib/ruby/gems/1.8/gems/daemons-1.0.10/lib/daemons/cmdline.rb:105:in `catch_exceptions'
	from /opt/local/lib/ruby/gems/1.8/gems/daemons-1.0.10/lib/daemons.rb:138:in `run'
	from script/email2smsd:14
Loading email2sms config file
Creating email2sms main class
Stopping email2sms
/Users/jfischer/git/email2sms/lib/../lib/filter_chain.rb:36:in `build_simple_filter_chain': undefined method `[]' for nil:NilClass (NoMethodError)
	from /Users/jfischer/git/email2sms/lib/../lib/email_to_sms.rb:21:in `initialize'
	from /Users/jfischer/git/email2sms/lib/email2sms_main.rb:32:in `new'
	from /Users/jfischer/git/email2sms/lib/email2sms_main.rb:32
	from /opt/local/lib/ruby/gems/1.8/gems/daemons-1.0.10/lib/daemons/application.rb:176:in `load'
	from /opt/local/lib/ruby/gems/1.8/gems/daemons-1.0.10/lib/daemons/application.rb:176:in `start_load'
	from /opt/local/lib/ruby/gems/1.8/gems/daemons-1.0.10/lib/daemons/application.rb:257:in `start'
	from /opt/local/lib/ruby/gems/1.8/gems/daemons-1.0.10/lib/daemons/controller.rb:69:in `run'
	from /opt/local/lib/ruby/gems/1.8/gems/daemons-1.0.10/lib/daemons.rb:139:in `run'
	from /opt/local/lib/ruby/gems/1.8/gems/daemons-1.0.10/lib/daemons/cmdline.rb:105:in `call'
	from /opt/local/lib/ruby/gems/1.8/gems/daemons-1.0.10/lib/daemons/cmdline.rb:105:in `catch_exceptions'
	from /opt/local/lib/ruby/gems/1.8/gems/daemons-1.0.10/lib/daemons.rb:138:in `run'
	from script/email2smsd:14
Loading email2sms config file
Creating email2sms main class
Stopping email2sms
/Users/jfischer/git/email2sms/lib/../lib/filter_chain.rb:36:in `build_simple_filter_chain': undefined method `[]' for nil:NilClass (NoMethodError)
	from /Users/jfischer/git/email2sms/lib/../lib/email_to_sms.rb:21:in `initialize'
	from /Users/jfischer/git/email2sms/lib/email2sms_main.rb:32:in `new'
	from /Users/jfischer/git/email2sms/lib/email2sms_main.rb:32
	from /opt/local/lib/ruby/gems/1.8/gems/daemons-1.0.10/lib/daemons/application.rb:176:in `load'
	from /opt/local/lib/ruby/gems/1.8/gems/daemons-1.0.10/lib/daemons/application.rb:176:in `start_load'
	from /opt/local/lib/ruby/gems/1.8/gems/daemons-1.0.10/lib/daemons/application.rb:257:in `start'
	from /opt/local/lib/ruby/gems/1.8/gems/daemons-1.0.10/lib/daemons/controller.rb:69:in `run'
	from /opt/local/lib/ruby/gems/1.8/gems/daemons-1.0.10/lib/daemons.rb:139:in `run'
	from /opt/local/lib/ruby/gems/1.8/gems/daemons-1.0.10/lib/daemons/cmdline.rb:105:in `call'
	from /opt/local/lib/ruby/gems/1.8/gems/daemons-1.0.10/lib/daemons/cmdline.rb:105:in `catch_exceptions'
	from /opt/local/lib/ruby/gems/1.8/gems/daemons-1.0.10/lib/daemons.rb:138:in `run'
	from script/email2smsd:14
Loading email2sms config file
Creating email2sms main class
Entering dispatch loop
.
Starting to process emails...
E-mail wird versendet.
Stopping email2sms
/opt/local/lib/ruby/gems/1.8/gems/telekom_sdk-0.0.8/lib/quota_service/../token_service/../basic_service.rb:84:in `get_token_data_from_response': undefined method `inner_text' for #<Handsoap::XmlQueryFront::NodeSelection:0x135ac2c> (NoMethodError)
	from /opt/local/lib/ruby/gems/1.8/gems/telekom_sdk-0.0.8/lib/quota_service/../token_service/token_service.rb:55:in `login'
	from /opt/local/lib/ruby/gems/1.8/gems/telekom_sdk-0.0.8/lib/quota_service/../token_service/token_service.rb:88:in `authenticate'
	from /opt/local/lib/ruby/gems/1.8/gems/telekom_sdk-0.0.8/lib/quota_service/../token_service/token_service.rb:70:in `get_security_token'
	from /opt/local/lib/ruby/gems/1.8/gems/telekom_sdk-0.0.8/lib/quota_service/../authenticated_service.rb:17:in `invoke_authenticated'
	from /opt/local/lib/ruby/gems/1.8/gems/telekom_sdk-0.0.8/lib/sms_service/sms_service.rb:70:in `send_sms_common'
	from /opt/local/lib/ruby/gems/1.8/gems/telekom_sdk-0.0.8/lib/sms_service/sms_service.rb:36:in `send_sms'
	from /Users/jfischer/git/email2sms/lib/../lib/email_to_sms.rb:101:in `send_email_as_sms'
	from /Users/jfischer/git/email2sms/lib/../lib/email_to_sms.rb:63:in `dispatch'
	 ... 10 levels...
	from /opt/local/lib/ruby/gems/1.8/gems/daemons-1.0.10/lib/daemons/cmdline.rb:105:in `call'
	from /opt/local/lib/ruby/gems/1.8/gems/daemons-1.0.10/lib/daemons/cmdline.rb:105:in `catch_exceptions'
	from /opt/local/lib/ruby/gems/1.8/gems/daemons-1.0.10/lib/daemons.rb:138:in `run'
	from script/email2smsd:14
